export4androidstudio/app/build/outputs/logs/manifest-merger-debug-report.txt
-- Merging decision tree log ---
manifest
ADDED from src\main\AndroidManifest.xml:2:1-37:12
INJECTED from src\main\AndroidManifest.xml:2:1-37:12
INJECTED from src\main\AndroidManifest.xml:2:1-37:12
INJECTED from src\main\AndroidManifest.xml:2:1-37:12
INJECTED from src\main\AndroidManifest.xml:2:1-37:12
INJECTED from src\main\AndroidManifest.xml:2:1-37:12
INJECTED from src\main\AndroidManifest.xml:2:1-37:12
	package
		ADDED from src\main\AndroidManifest.xml:3:7-39
		INJECTED from src\main\AndroidManifest.xml
		INJECTED from src\main\AndroidManifest.xml
	android:versionName
		ADDED from src\main\AndroidManifest.xml:5:7-32
		INJECTED from src\main\AndroidManifest.xml
		INJECTED from src\main\AndroidManifest.xml
	xmlns:android
		ADDED from src\main\AndroidManifest.xml:2:11-69
	android:versionCode
		ADDED from src\main\AndroidManifest.xml:4:7-30
		INJECTED from src\main\AndroidManifest.xml
		INJECTED from src\main\AndroidManifest.xml
	android:installLocation
		ADDED from src\main\AndroidManifest.xml:6:4-44
uses-sdk
ADDED from src\main\AndroidManifest.xml:7:5-73
INJECTED from src\main\AndroidManifest.xml:7:5-73
INJECTED from src\main\AndroidManifest.xml:7:5-73
INJECTED from src\main\AndroidManifest.xml:7:5-73
INJECTED from src\main\AndroidManifest.xml:7:5-73
	android:targetSdkVersion
		ADDED from src\main\AndroidManifest.xml:7:41-70
		INJECTED from src\main\AndroidManifest.xml
		INJECTED from src\main\AndroidManifest.xml
	android:minSdkVersion
		ADDED from src\main\AndroidManifest.xml:7:15-40
		INJECTED from src\main\AndroidManifest.xml
		INJECTED from src\main\AndroidManifest.xml
uses-permission#android.permission.INTERNET
ADDED from src\main\AndroidManifest.xml:8:5-66
	android:name
		ADDED from src\main\AndroidManifest.xml:8:22-64
uses-permission#android.permission.ACCESS_FINE_LOCATION
ADDED from src\main\AndroidManifest.xml:9:5-78
	android:name
		ADDED from src\main\AndroidManifest.xml:9:22-76
uses-permission#android.permission.VIBRATE
ADDED from src\main\AndroidManifest.xml:10:5-65
	android:name
		ADDED from src\main\AndroidManifest.xml:10:22-63
uses-feature#0x00020000
ADDED from src\main\AndroidManifest.xml:12:5-77
	android:glEsVersion
		ADDED from src\main\AndroidManifest.xml:12:19-51
	android:required
		ADDED from src\main\AndroidManifest.xml:12:52-75
uses-feature#android.hardware.location
ADDED from src\main\AndroidManifest.xml:13:5-86
	android:required
		ADDED from src\main\AndroidManifest.xml:13:60-84
	android:name
		ADDED from src\main\AndroidManifest.xml:13:19-59
uses-feature#android.hardware.location.gps
ADDED from src\main\AndroidManifest.xml:14:5-90
	android:required
		ADDED from src\main\AndroidManifest.xml:14:64-88
	android:name
		ADDED from src\main\AndroidManifest.xml:14:19-63
uses-feature#android.hardware.location.network
ADDED from src\main\AndroidManifest.xml:15:2-91
	android:required
		ADDED from src\main\AndroidManifest.xml:15:65-89
	android:name
		ADDED from src\main\AndroidManifest.xml:15:16-64
uses-feature#android.hardware.wifi
ADDED from src\main\AndroidManifest.xml:16:2-79
	android:required
		ADDED from src\main\AndroidManifest.xml:16:53-77
	android:name
		ADDED from src\main\AndroidManifest.xml:16:16-52
uses-feature#android.software.leanback
ADDED from src\main\AndroidManifest.xml:17:5-87
	android:required
		ADDED from src\main\AndroidManifest.xml:17:60-84
	android:name
		ADDED from src\main\AndroidManifest.xml:17:19-59
uses-feature#android.hardware.touchscreen
ADDED from src\main\AndroidManifest.xml:18:5-89
	android:required
		ADDED from src\main\AndroidManifest.xml:18:63-87
	android:name
		ADDED from src\main\AndroidManifest.xml:18:19-62
uses-feature#com.google.android.tv
ADDED from src\main\AndroidManifest.xml:19:5-82
	android:required
		ADDED from src\main\AndroidManifest.xml:19:56-80
	android:name
		ADDED from src\main\AndroidManifest.xml:19:19-55
uses-feature#android.hardware.faketouch
ADDED from src\main\AndroidManifest.xml:20:5-87
	android:required
		ADDED from src\main\AndroidManifest.xml:20:61-85
	android:name
		ADDED from src\main\AndroidManifest.xml:20:19-60
supports-screens
ADDED from src\main\AndroidManifest.xml:21:5-25:50
	android:largeScreens
		ADDED from src\main\AndroidManifest.xml:21:23-50
	android:smallScreens
		ADDED from src\main\AndroidManifest.xml:22:23-50
	android:normalScreens
		ADDED from src\main\AndroidManifest.xml:23:23-51
	android:xlargeScreens
		ADDED from src\main\AndroidManifest.xml:24:23-51
	android:anyDensity
		ADDED from src\main\AndroidManifest.xml:25:23-48
application
ADDED from src\main\AndroidManifest.xml:26:5-36:19
	android:label
		ADDED from src\main\AndroidManifest.xml:26:48-80
	android:icon
		ADDED from src\main\AndroidManifest.xml:26:18-47
	android:banner
		ADDED from src\main\AndroidManifest.xml:26:110-143
	android:theme
		ADDED from src\main\AndroidManifest.xml:26:81-109
activity#com.giderosmobile.android.bunnymarkActivity
ADDED from src\main\AndroidManifest.xml:27:9-34:20
	android:screenOrientation
		ADDED from src\main\AndroidManifest.xml:27:143-179
	android:label
		ADDED from src\main\AndroidManifest.xml:27:19-51
	android:launchMode
		ADDED from src\main\AndroidManifest.xml:27:111-142
	android:configChanges
		ADDED from src\main\AndroidManifest.xml:27:180-250
	android:name
		ADDED from src\main\AndroidManifest.xml:27:52-110
intent-filter#action:name:android.intent.action.MAIN+category:name:android.intent.category.LAUNCHER+category:name:android.intent.category.LEANBACK_LAUNCHER+category:name:tv.ouya.intent.category.GAME
ADDED from src\main\AndroidManifest.xml:28:13-33:29
action#android.intent.action.MAIN
ADDED from src\main\AndroidManifest.xml:29:17-69
	android:name
		ADDED from src\main\AndroidManifest.xml:29:25-66
category#android.intent.category.LAUNCHER
ADDED from src\main\AndroidManifest.xml:30:17-77
	android:name
		ADDED from src\main\AndroidManifest.xml:30:27-74
category#android.intent.category.LEANBACK_LAUNCHER
ADDED from src\main\AndroidManifest.xml:31:17-86
	android:name
		ADDED from src\main\AndroidManifest.xml:31:27-83
category#tv.ouya.intent.category.GAME
ADDED from src\main\AndroidManifest.xml:32:17-72
	android:name
		ADDED from src\main\AndroidManifest.xml:32:27-70